#
# There is insufficient memory for the Java Runtime Environment to continue.
# Native memory allocation (mmap) failed to map 4294967296 bytes for G1 virtual space
# Possible reasons:
#   The system is out of physical RAM or swap space
#   The process is running with CompressedOops enabled, and the Java Heap may be blocking the growth of the native heap
# Possible solutions:
#   Reduce memory load on the system
#   Increase physical memory or swap space
#   Check if swap backing store is full
#   Decrease Java heap size (-Xmx/-Xms)
#   Decrease number of Java threads
#   Decrease Java thread stack sizes (-Xss)
#   Set larger code cache with -XX:ReservedCodeCacheSize=
#   JVM is running with Zero Based Compressed Oops mode in which the Java heap is
#     placed in the first 32GB address space. The Java Heap base address is the
#     maximum limit for the native heap growth. Please use -XX:HeapBaseMinAddress
#     to set the Java Heap base and to place the Java Heap above 32GB virtual address.
# This output file may be truncated or incomplete.
#
#  Out of Memory Error (os_windows.cpp:3550), pid=7324, tid=16172
#
# JRE version:  (17.0.6+9) (build )
# Java VM: Java HotSpot(TM) 64-Bit Server VM (17.0.6+9-LTS-190, mixed mode, sharing, tiered, compressed oops, compressed class ptrs, g1 gc, windows-amd64)
# No core dump will be written. Minidumps are not enabled by default on client versions of Windows
#

---------------  S U M M A R Y ------------

Command Line: -Xms4G -Xmx4G server.jar nogui

Host: AMD Ryzen 5 3500U with Radeon Vega Mobile Gfx  , 8 cores, 6G,  Windows 11 , 64 bit Build 22621 (10.0.22621.1105)
Time: Mon Feb 27 17:36:11 2023 Paris, Madrid elapsed time: 0.028711 seconds (0d 0h 0m 0s)

---------------  T H R E A D  ---------------

Current thread (0x0000024cafd39410):  JavaThread "Unknown thread" [_thread_in_vm, id=16172, stack(0x000000fc81c00000,0x000000fc81d00000)]

Stack: [0x000000fc81c00000,0x000000fc81d00000]
Native frames: (J=compiled Java code, j=interpreted, Vv=VM code, C=native code)
V  [jvm.dll+0x6734ea]
V  [jvm.dll+0x7d18f4]
V  [jvm.dll+0x7d309e]
V  [jvm.dll+0x7d3703]
V  [jvm.dll+0x2433c5]
V  [jvm.dll+0x6703f9]
V  [jvm.dll+0x664d32]
V  [jvm.dll+0x300086]
V  [jvm.dll+0x307606]
V  [jvm.dll+0x356c1e]
V  [jvm.dll+0x356e4f]
V  [jvm.dll+0x2d72e8]
V  [jvm.dll+0x2d8254]
V  [jvm.dll+0x7a33b1]
V  [jvm.dll+0x3647f1]
V  [jvm.dll+0x782839]
V  [jvm.dll+0x3e757f]
V  [jvm.dll+0x3e9001]
C  [jli.dll+0x5297]
C  [ucrtbase.dll+0x29363]
C  [KERNEL32.DLL+0x126bd]
C  [ntdll.dll+0x5dfb8]


---------------  P R O C E S S  ---------------

Threads class SMR info:
_java_thread_list=0x00007fff3cfae958, length=0, elements={
}

Java Threads: ( => current thread )

Other Threads:
  0x0000024cafda13c0 GCTaskThread "GC Thread#0" [stack: 0x000000fc81d00000,0x000000fc81e00000] [id=2520]
  0x0000024cafdb2360 ConcurrentGCThread "G1 Main Marker" [stack: 0x000000fc81e00000,0x000000fc81f00000] [id=12160]
  0x0000024cafdb3410 ConcurrentGCThread "G1 Conc#0" [stack: 0x000000fc81f00000,0x000000fc82000000] [id=18804]

[error occurred during error reporting (printing all threads), id 0xc0000005, EXCEPTION_ACCESS_VIOLATION (0xc0000005) at pc=0x00007fff3c7e7f07]

VM state: not at safepoint (not fully initialized)

VM Mutex/Monitor currently owned by a thread:  ([mutex/lock_event])
[0x0000024cafd34400] Heap_lock - owner thread: 0x0000024cafd39410

Heap address: 0x0000000700000000, size: 4096 MB, Compressed Oops mode: Zero based, Oop shift amount: 3

CDS archive(s) mapped at: [0x0000000000000000-0x0000000000000000-0x0000000000000000), size 0, SharedBaseAddress: 0x0000000800000000, ArchiveRelocationMode: 0.
Narrow klass base: 0x0000000000000000, Narrow klass shift: 0, Narrow klass range: 0x0

GC Precious Log:
<Empty>

Heap:
 garbage-first heap   total 0K, used 0K [0x0000000700000000, 0x0000000800000000)
  region size 2048K, 0 young (0K), 0 survivors (0K)

[error occurred during error reporting (printing heap information), id 0xc0000005, EXCEPTION_ACCESS_VIOLATION (0xc0000005) at pc=0x00007fff3cbcc759]

GC Heap History (0 events):
No events

Deoptimization events (0 events):
No events

Classes unloaded (0 events):
No events

Classes redefined (0 events):
No events

Internal exceptions (0 events):
No events

VM Operations (0 events):
No events

Events (1 events):
Event: 0.013 Loaded shared library C:\Program Files\Java\jdk-17\bin\java.dll


Dynamic libraries:
0x00007ff6ea6c0000 - 0x00007ff6ea6d0000 	C:\Program Files\Java\jdk-17\bin\java.exe
0x00007fff8e330000 - 0x00007fff8e544000 	C:\WINDOWS\SYSTEM32\ntdll.dll
0x00007fff8d250000 - 0x00007fff8d313000 	C:\WINDOWS\System32\KERNEL32.DLL
0x00007fff8b810000 - 0x00007fff8bbad000 	C:\WINDOWS\System32\KERNELBASE.dll
0x00007fff8bd70000 - 0x00007fff8be81000 	C:\WINDOWS\System32\ucrtbase.dll
0x00007fff71290000 - 0x00007fff712a8000 	C:\Program Files\Java\jdk-17\bin\jli.dll
0x00007fff6c1c0000 - 0x00007fff6c1db000 	C:\Program Files\Java\jdk-17\bin\VCRUNTIME140.dll
0x00007fff8c140000 - 0x00007fff8c1ee000 	C:\WINDOWS\System32\ADVAPI32.dll
0x00007fff8d320000 - 0x00007fff8d3c7000 	C:\WINDOWS\System32\msvcrt.dll
0x00007fff8c910000 - 0x00007fff8c9b4000 	C:\WINDOWS\System32\sechost.dll
0x00007fff8d4c0000 - 0x00007fff8d5d5000 	C:\WINDOWS\System32\RPCRT4.dll
0x00007fff8c390000 - 0x00007fff8c53d000 	C:\WINDOWS\System32\USER32.dll
0x00007fff8c000000 - 0x00007fff8c026000 	C:\WINDOWS\System32\win32u.dll
0x00007fff73dc0000 - 0x00007fff7404e000 	C:\WINDOWS\WinSxS\amd64_microsoft.windows.common-controls_6595b64144ccf1df_6.0.22621.608_none_a9444ca7c10bb01d\COMCTL32.dll
0x00007fff8e120000 - 0x00007fff8e149000 	C:\WINDOWS\System32\GDI32.dll
0x00007fff8bbb0000 - 0x00007fff8bcc2000 	C:\WINDOWS\System32\gdi32full.dll
0x00007fff8bcd0000 - 0x00007fff8bd6a000 	C:\WINDOWS\System32\msvcp_win.dll
0x00007fff84c10000 - 0x00007fff84c1a000 	C:\WINDOWS\SYSTEM32\VERSION.dll
0x00007fff8c340000 - 0x00007fff8c372000 	C:\WINDOWS\System32\IMM32.DLL
0x00007fff85050000 - 0x00007fff8505c000 	C:\Program Files\Java\jdk-17\bin\vcruntime140_1.dll
0x00007fff592d0000 - 0x00007fff5935e000 	C:\Program Files\Java\jdk-17\bin\msvcp140.dll
0x00007fff3c500000 - 0x00007fff3d0d7000 	C:\Program Files\Java\jdk-17\bin\server\jvm.dll
0x00007fff8c1f0000 - 0x00007fff8c1f8000 	C:\WINDOWS\System32\PSAPI.DLL
0x00007fff849a0000 - 0x00007fff849d4000 	C:\WINDOWS\SYSTEM32\WINMM.dll
0x00007fff77990000 - 0x00007fff77999000 	C:\WINDOWS\SYSTEM32\WSOCK32.dll
0x00007fff8e0a0000 - 0x00007fff8e111000 	C:\WINDOWS\System32\WS2_32.dll
0x00007fff8a7a0000 - 0x00007fff8a7b8000 	C:\WINDOWS\SYSTEM32\kernel.appcore.dll
0x00007fff776c0000 - 0x00007fff776ca000 	C:\Program Files\Java\jdk-17\bin\jimage.dll
0x00007fff86840000 - 0x00007fff86a6e000 	C:\WINDOWS\SYSTEM32\DBGHELP.DLL
0x00007fff8ce60000 - 0x00007fff8d1ea000 	C:\WINDOWS\System32\combase.dll
0x00007fff8d5e0000 - 0x00007fff8d6b7000 	C:\WINDOWS\System32\OLEAUT32.dll
0x00007fff867e0000 - 0x00007fff86812000 	C:\WINDOWS\SYSTEM32\dbgcore.DLL
0x00007fff8c0a0000 - 0x00007fff8c11b000 	C:\WINDOWS\System32\bcryptPrimitives.dll
0x00007fff6ba90000 - 0x00007fff6bab5000 	C:\Program Files\Java\jdk-17\bin\java.dll

dbghelp: loaded successfully - version: 4.0.5 - missing functions: none
symbol engine: initialized successfully - sym options: 0x614 - pdb path: .;C:\Program Files\Java\jdk-17\bin;C:\WINDOWS\SYSTEM32;C:\WINDOWS\WinSxS\amd64_microsoft.windows.common-controls_6595b64144ccf1df_6.0.22621.608_none_a9444ca7c10bb01d;C:\Program Files\Java\jdk-17\bin\server

VM Arguments:
jvm_args: -Xms4G -Xmx4G 
java_command: server.jar nogui
java_class_path (initial): server.jar
Launcher Type: SUN_STANDARD

[Global flags]
     intx CICompilerCount                          = 4                                         {product} {ergonomic}
     uint ConcGCThreads                            = 2                                         {product} {ergonomic}
     uint G1ConcRefinementThreads                  = 8                                         {product} {ergonomic}
   size_t G1HeapRegionSize                         = 2097152                                   {product} {ergonomic}
    uintx GCDrainStackTargetSize                   = 64                                        {product} {ergonomic}
   size_t InitialHeapSize                          = 4294967296                                {product} {command line}
   size_t MarkStackSize                            = 4194304                                   {product} {ergonomic}
   size_t MaxHeapSize                              = 4294967296                                {product} {command line}
   size_t MinHeapDeltaBytes                        = 2097152                                   {product} {ergonomic}
   size_t MinHeapSize                              = 4294967296                                {product} {command line}
    uintx NonNMethodCodeHeapSize                   = 5839372                                {pd product} {ergonomic}
    uintx NonProfiledCodeHeapSize                  = 122909434                              {pd product} {ergonomic}
    uintx ProfiledCodeHeapSize                     = 122909434                              {pd product} {ergonomic}
    uintx ReservedCodeCacheSize                    = 251658240                              {pd product} {ergonomic}
     bool SegmentedCodeCache                       = true                                      {product} {ergonomic}
   size_t SoftMaxHeapSize                          = 4294967296                             {manageable} {ergonomic}
     bool UseCompressedClassPointers               = true                           {product lp64_product} {ergonomic}
     bool UseCompressedOops                        = true                           {product lp64_product} {ergonomic}
     bool UseG1GC                                  = true                                      {product} {ergonomic}
     bool UseLargePagesIndividualAllocation        = false                                  {pd product} {ergonomic}

Logging:
Log output configuration:
 #0: stdout all=warning uptime,level,tags
 #1: stderr all=off uptime,level,tags

Environment Variables:
PATH=C:\Users\lucas\Desktop\serveur minecraft\node_modules\.bin;C:\Users\lucas\Desktop\node_modules\.bin;C:\Users\lucas\node_modules\.bin;C:\Users\node_modules\.bin;C:\node_modules\.bin;D:\VisualStudio Code\lib\NodeJS\node_modules\npm\node_modules\@npmcli\run-script\lib\node-gyp-bin;C:\Program Files\Common Files\Oracle\Java\javapath;C:\Program Files (x86)\Common Files\Oracle\Java\javapath;C:\Python310\Scripts\;C:\Python310\;C:\WINDOWS\system32;C:\WINDOWS;C:\WINDOWS\System32\Wbem;C:\WINDOWS\System32\WindowsPowerShell\v1.0\;C:\WINDOWS\System32\OpenSSH\;D:\VisualStudio Code\lib\NodeJS\;C:\ProgramData\chocolatey\bin;C:\Program Files\PuTTY\;C:\Program Files\dotnet\;C:\Program Files (x86)\dotnet\;C:\Users\lucas\AppData\Local\Programs\Python\Python311\Scripts\;C:\Users\lucas\AppData\Local\Programs\Python\Python311\;C:\Users\lucas\AppData\Local\Microsoft\WindowsApps;D:\VisualStudio Code\Microsoft VS Code\bin;C:\Users\lucas\AppData\Roaming\npm;D:\Pycharm\PyCharm 2022.2.3\bin;D:\Pycharm\PyCharm Community Edition 2022.2.3\bin
USERNAME=lucas
LANG=fr_FR.UTF-8
OS=Windows_NT
PROCESSOR_IDENTIFIER=AMD64 Family 23 Model 24 Stepping 1, AuthenticAMD



---------------  S Y S T E M  ---------------

OS:
 Windows 11 , 64 bit Build 22621 (10.0.22621.1105)
OS uptime: 4 days 8:16 hours

CPU: total 8 (initial active 8) (8 cores per cpu, 2 threads per core) family 23 model 24 stepping 1 microcode 0x0, cx8, cmov, fxsr, ht, mmx, 3dnowpref, sse, sse2, sse3, ssse3, sse4a, sse4.1, sse4.2, popcnt, lzcnt, tsc, tscinvbit, avx, avx2, aes, clmul, bmi1, bmi2, adx, sha, fma, vzeroupper, clflush, clflushopt

Memory: 4k page, system-wide physical 7103M (1376M free)
TotalPageFile size 17343M (AvailPageFile size 4098M)
current process WorkingSet (physical memory assigned to process): 11M, peak: 11M
current process commit charge ("private bytes"): 60M, peak: 4164M

vm_info: Java HotSpot(TM) 64-Bit Server VM (17.0.6+9-LTS-190) for windows-amd64 JRE (17.0.6+9-LTS-190), built on Dec  6 2022 15:53:54 by "mach5one" with MS VC++ 17.1 (VS2022)

END.
